<!DOCTYPE html>
<html>
<head>
<meta http-equiv="Content-Type" content="text/html; charset=utf-8"/>
<meta http-equiv="x-ua-compatible" content="IE=edge"/>
<title>Test results - Class edu.indiana.soic.cs.EntryPointTest</title>
<link href="../css/base-style.css" rel="stylesheet" type="text/css"/>
<link href="../css/style.css" rel="stylesheet" type="text/css"/>
<script src="../js/report.js" type="text/javascript"></script>
</head>
<body>
<div id="content">
<h1>Class edu.indiana.soic.cs.EntryPointTest</h1>
<div class="breadcrumbs">
<a href="../index.html">all</a> &gt; 
<a href="../packages/edu.indiana.soic.cs.html">edu.indiana.soic.cs</a> &gt; EntryPointTest</div>
<div id="summary">
<table>
<tr>
<td>
<div class="summaryGroup">
<table>
<tr>
<td>
<div class="infoBox" id="tests">
<div class="counter">5</div>
<p>tests</p>
</div>
</td>
<td>
<div class="infoBox" id="failures">
<div class="counter">0</div>
<p>failures</p>
</div>
</td>
<td>
<div class="infoBox" id="ignored">
<div class="counter">0</div>
<p>ignored</p>
</div>
</td>
<td>
<div class="infoBox" id="duration">
<div class="counter">8.222s</div>
<p>duration</p>
</div>
</td>
</tr>
</table>
</div>
</td>
<td>
<div class="infoBox success" id="successRate">
<div class="percent">100%</div>
<p>successful</p>
</div>
</td>
</tr>
</table>
</div>
<div id="tabs">
<ul class="tabLinks">
<li>
<a href="#tab0">Tests</a>
</li>
<li>
<a href="#tab1">Standard output</a>
</li>
<li>
<a href="#tab2">Standard error</a>
</li>
</ul>
<div id="tab0" class="tab">
<h2>Tests</h2>
<table>
<thead>
<tr>
<th>Test</th>
<th>Duration</th>
<th>Result</th>
</tr>
</thead>
<tr>
<td class="success">EntryPoint method - no args</td>
<td>0.310s</td>
<td class="success">passed</td>
</tr>
<tr>
<td class="success">EntryPoint method - read</td>
<td>0.623s</td>
<td class="success">passed</td>
</tr>
<tr>
<td class="success">EntryPoint method - read fail</td>
<td>0.030s</td>
<td class="success">passed</td>
</tr>
<tr>
<td class="success">EntryPoint method - write</td>
<td>7.145s</td>
<td class="success">passed</td>
</tr>
<tr>
<td class="success">EntryPoint method - write fail</td>
<td>0.114s</td>
<td class="success">passed</td>
</tr>
</table>
</div>
<div id="tab1" class="tab">
<h2>Standard output</h2>
<span class="code">
<pre>*** Entry Point ***
tableName : Persons
sparkArgsFileName : ./resources/main/sparkArgs.json
dbArgsFileName : ./resources/main/dbArgs.json
write : true
query : Select * from Persons
username : mjaglan
hostname : localhost
sourcetype : mysql
password : #ubuntu
dbname : db1
hostport : 3306
masternode : local[*]
setprops-key-1 : spark.driver.allowMultipleContexts
appname : app-name
setprops-val-1 : false
[1,LN 6,FN 6,addr6,city 6]
[2,LN 6,FN 6,addr6,city 6]
[3,LN 6,FN 6,addr6,city 6]
[4,LN 6,FN 6,addr6,city 6]
[5,LN 6,FN 6,addr6,city 6]
[6,LN 2,FN 2,addr2,city 2]
[7,LN 1,FN 1,addr1,city 1]



Successfully written all data which looks like =&gt;
+-------+------+---------+--------+
|Address|  City|FirstName|LastName|
+-------+------+---------+--------+
|  addr1|city 1|     FN 1|    LN 1|
|  addr2|city 2|     FN 2|    LN 2|
+-------+------+---------+--------+

*** Entry Point ***
tableName : Persons
sparkArgsFileName : ./resources/main/sparkArgs.json
dbArgsFileName : ./resources/main/dbArgs.json
write : false
query : Select * from Persons
username : mjaglan
hostname : localhost
sourcetype : mysql
password : #ubuntu
dbname : db1
hostport : 3306
masternode : local[*]
setprops-key-1 : spark.driver.allowMultipleContexts
appname : app-name
setprops-val-1 : false
Total 7 records fetched which looks like =&gt;
+---+--------+---------+-------+------+
| ID|LastName|FirstName|Address|  City|
+---+--------+---------+-------+------+
|  1|    LN 6|     FN 6|  addr6|city 6|
|  2|    LN 6|     FN 6|  addr6|city 6|
|  3|    LN 6|     FN 6|  addr6|city 6|
|  4|    LN 6|     FN 6|  addr6|city 6|
|  5|    LN 6|     FN 6|  addr6|city 6|
+---+--------+---------+-------+------+
only showing top 5 rows

*** Entry Point ***
tableName : bad table name
sparkArgsFileName : ./resources/main/sparkArgs.json
dbArgsFileName : ./resources/main/dbArgs.json
write : true
username : mjaglan
hostname : localhost
sourcetype : mysql
password : #ubuntu
dbname : db1
hostport : 3306
masternode : local[*]
setprops-key-1 : spark.driver.allowMultipleContexts
appname : app-name
setprops-val-1 : false
Failed to write to DB!
*** Entry Point ***
sparkArgsFileName : ./resources/main/sparkArgs.json
dbArgsFileName : ./resources/main/dbArgs.json
write : false
query : bad query
username : mjaglan
hostname : localhost
sourcetype : mysql
password : #ubuntu
dbname : db1
hostport : 3306
masternode : local[*]
setprops-key-1 : spark.driver.allowMultipleContexts
appname : app-name
setprops-val-1 : false
Failed to read from DB!
*** Entry Point ***
tableName : Persons
sparkArgsFileName : ./resources/main/sparkArgs.json
dbArgsFileName : ./resources/main/dbArgs.json
write : true
query : Select * from Persons
username : mjaglan
hostname : localhost
sourcetype : mysql
password : #ubuntu
dbname : db1
hostport : 3306
masternode : local[*]
setprops-key-1 : spark.driver.allowMultipleContexts
appname : app-name
setprops-val-1 : false
[1,LN 6,FN 6,addr6,city 6]
[2,LN 6,FN 6,addr6,city 6]
[3,LN 6,FN 6,addr6,city 6]
[4,LN 6,FN 6,addr6,city 6]
[5,LN 6,FN 6,addr6,city 6]
[6,LN 2,FN 2,addr2,city 2]
[7,LN 1,FN 1,addr1,city 1]
[8,LN 2,FN 2,addr2,city 2]
[9,LN 1,FN 1,addr1,city 1]



Successfully written all data which looks like =&gt;
+-------+------+---------+--------+
|Address|  City|FirstName|LastName|
+-------+------+---------+--------+
|  addr1|city 1|     FN 1|    LN 1|
|  addr2|city 2|     FN 2|    LN 2|
+-------+------+---------+--------+

</pre>
</span>
</div>
<div id="tab2" class="tab">
<h2>Standard error</h2>
<span class="code">
<pre>Using Spark's default log4j profile: org/apache/spark/log4j-defaults.properties
16/08/23 02:04:28 INFO Remoting: Starting remoting
16/08/23 02:04:28 INFO Remoting: Remoting started; listening on addresses :[akka.tcp://sparkDriverActorSystem@10.0.2.15:53669]
                                                                                com.mysql.jdbc.exceptions.jdbc4.MySQLSyntaxErrorException: You have an error in your SQL syntax; check the manual that corresponds to your MySQL server version for the right syntax to use near 'table name (Address TEXT , City TEXT , FirstName TEXT , LastName TEXT )' at line 1
	at sun.reflect.NativeConstructorAccessorImpl.newInstance0(Native Method)
	at sun.reflect.NativeConstructorAccessorImpl.newInstance(NativeConstructorAccessorImpl.java:62)
	at sun.reflect.DelegatingConstructorAccessorImpl.newInstance(DelegatingConstructorAccessorImpl.java:45)
	at java.lang.reflect.Constructor.newInstance(Constructor.java:423)
	at com.mysql.jdbc.Util.handleNewInstance(Util.java:377)
	at com.mysql.jdbc.Util.getInstance(Util.java:360)
	at com.mysql.jdbc.SQLError.createSQLException(SQLError.java:978)
	at com.mysql.jdbc.MysqlIO.checkErrorPacket(MysqlIO.java:3887)
	at com.mysql.jdbc.MysqlIO.checkErrorPacket(MysqlIO.java:3823)
	at com.mysql.jdbc.MysqlIO.sendCommand(MysqlIO.java:2435)
	at com.mysql.jdbc.MysqlIO.sqlQueryDirect(MysqlIO.java:2582)
	at com.mysql.jdbc.ConnectionImpl.execSQL(ConnectionImpl.java:2526)
	at com.mysql.jdbc.StatementImpl.executeUpdate(StatementImpl.java:1618)
	at com.mysql.jdbc.StatementImpl.executeUpdate(StatementImpl.java:1549)
	at org.apache.spark.sql.DataFrameWriter.jdbc(DataFrameWriter.scala:302)
	at edu.indiana.soic.cs.services.MySQLConnectionServiceImpl.writeDF(MySQLConnectionServiceImpl.scala:19)
	at edu.indiana.soic.cs.EntryPoint$delayedInit$body.apply(EntryPoint.scala:53)
	at scala.Function0$class.apply$mcV$sp(Function0.scala:40)
	at scala.runtime.AbstractFunction0.apply$mcV$sp(AbstractFunction0.scala:12)
	at scala.App$$anonfun$main$1.apply(App.scala:71)
	at scala.App$$anonfun$main$1.apply(App.scala:71)
	at scala.collection.immutable.List.foreach(List.scala:318)
	at scala.collection.generic.TraversableForwarder$class.foreach(TraversableForwarder.scala:32)
	at scala.App$class.main(App.scala:71)
	at edu.indiana.soic.cs.EntryPoint$.main(EntryPoint.scala:9)
	at edu.indiana.soic.cs.EntryPointTest$$anonfun$3.apply(EntryPointTest.scala:42)
	at edu.indiana.soic.cs.EntryPointTest$$anonfun$3.apply(EntryPointTest.scala:39)
	at org.scalatest.Transformer$$anonfun$apply$1.apply$mcV$sp(Transformer.scala:22)
	at org.scalatest.OutcomeOf$class.outcomeOf(OutcomeOf.scala:85)
	at org.scalatest.OutcomeOf$.outcomeOf(OutcomeOf.scala:104)
	at org.scalatest.Transformer.apply(Transformer.scala:22)
	at org.scalatest.Transformer.apply(Transformer.scala:20)
	at org.scalatest.FunSuiteLike$$anon$1.apply(FunSuiteLike.scala:187)
	at org.scalatest.Suite$class.withFixture(Suite.scala:1031)
	at org.scalatest.FunSuite.withFixture(FunSuite.scala:1562)
	at org.scalatest.FunSuiteLike$class.invokeWithFixture$1(FunSuiteLike.scala:184)
	at org.scalatest.FunSuiteLike$$anonfun$runTest$1.apply(FunSuiteLike.scala:196)
	at org.scalatest.FunSuiteLike$$anonfun$runTest$1.apply(FunSuiteLike.scala:196)
	at org.scalatest.SuperEngine.runTestImpl(Engine.scala:287)
	at org.scalatest.FunSuiteLike$class.runTest(FunSuiteLike.scala:196)
	at org.scalatest.FunSuite.runTest(FunSuite.scala:1562)
	at org.scalatest.FunSuiteLike$$anonfun$runTests$1.apply(FunSuiteLike.scala:229)
	at org.scalatest.FunSuiteLike$$anonfun$runTests$1.apply(FunSuiteLike.scala:229)
	at org.scalatest.SuperEngine$$anonfun$traverseSubNodes$1$1.apply(Engine.scala:394)
	at org.scalatest.SuperEngine$$anonfun$traverseSubNodes$1$1.apply(Engine.scala:382)
	at scala.collection.immutable.List.foreach(List.scala:318)
	at org.scalatest.SuperEngine.traverseSubNodes$1(Engine.scala:382)
	at org.scalatest.SuperEngine.org$scalatest$SuperEngine$$runTestsInBranch(Engine.scala:377)
	at org.scalatest.SuperEngine.runTestsImpl(Engine.scala:459)
	at org.scalatest.FunSuiteLike$class.runTests(FunSuiteLike.scala:229)
	at org.scalatest.FunSuite.runTests(FunSuite.scala:1562)
	at org.scalatest.Suite$class.run(Suite.scala:1320)
	at org.scalatest.FunSuite.org$scalatest$FunSuiteLike$$super$run(FunSuite.scala:1562)
	at org.scalatest.FunSuiteLike$$anonfun$run$1.apply(FunSuiteLike.scala:233)
	at org.scalatest.FunSuiteLike$$anonfun$run$1.apply(FunSuiteLike.scala:233)
	at org.scalatest.SuperEngine.runImpl(Engine.scala:519)
	at org.scalatest.FunSuiteLike$class.run(FunSuiteLike.scala:233)
	at org.scalatest.FunSuite.run(FunSuite.scala:1562)
	at org.scalatest.junit.JUnitRunner.run(JUnitRunner.scala:99)
	at org.gradle.api.internal.tasks.testing.junit.JUnitTestClassExecuter.runTestClass(JUnitTestClassExecuter.java:114)
	at org.gradle.api.internal.tasks.testing.junit.JUnitTestClassExecuter.execute(JUnitTestClassExecuter.java:57)
	at org.gradle.api.internal.tasks.testing.junit.JUnitTestClassProcessor.processTestClass(JUnitTestClassProcessor.java:66)
	at org.gradle.api.internal.tasks.testing.SuiteTestClassProcessor.processTestClass(SuiteTestClassProcessor.java:51)
	at sun.reflect.NativeMethodAccessorImpl.invoke0(Native Method)
	at sun.reflect.NativeMethodAccessorImpl.invoke(NativeMethodAccessorImpl.java:62)
	at sun.reflect.DelegatingMethodAccessorImpl.invoke(DelegatingMethodAccessorImpl.java:43)
	at java.lang.reflect.Method.invoke(Method.java:498)
	at org.gradle.internal.dispatch.ReflectionDispatch.dispatch(ReflectionDispatch.java:35)
	at org.gradle.internal.dispatch.ReflectionDispatch.dispatch(ReflectionDispatch.java:24)
	at org.gradle.internal.dispatch.ContextClassLoaderDispatch.dispatch(ContextClassLoaderDispatch.java:32)
	at org.gradle.internal.dispatch.ProxyDispatchAdapter$DispatchingInvocationHandler.invoke(ProxyDispatchAdapter.java:93)
	at com.sun.proxy.$Proxy2.processTestClass(Unknown Source)
	at org.gradle.api.internal.tasks.testing.worker.TestWorker.processTestClass(TestWorker.java:109)
	at sun.reflect.NativeMethodAccessorImpl.invoke0(Native Method)
	at sun.reflect.NativeMethodAccessorImpl.invoke(NativeMethodAccessorImpl.java:62)
	at sun.reflect.DelegatingMethodAccessorImpl.invoke(DelegatingMethodAccessorImpl.java:43)
	at java.lang.reflect.Method.invoke(Method.java:498)
	at org.gradle.internal.dispatch.ReflectionDispatch.dispatch(ReflectionDispatch.java:35)
	at org.gradle.internal.dispatch.ReflectionDispatch.dispatch(ReflectionDispatch.java:24)
	at org.gradle.internal.remote.internal.hub.MessageHub$Handler.run(MessageHub.java:377)
	at org.gradle.internal.concurrent.ExecutorPolicy$CatchAndRecordFailures.onExecute(ExecutorPolicy.java:54)
	at org.gradle.internal.concurrent.StoppableExecutorImpl$1.run(StoppableExecutorImpl.java:40)
	at java.util.concurrent.ThreadPoolExecutor.runWorker(ThreadPoolExecutor.java:1142)
	at java.util.concurrent.ThreadPoolExecutor$Worker.run(ThreadPoolExecutor.java:617)
	at java.lang.Thread.run(Thread.java:745)
com.mysql.jdbc.exceptions.jdbc4.MySQLSyntaxErrorException: You have an error in your SQL syntax; check the manual that corresponds to your MySQL server version for the right syntax to use near 'tempTable WHERE 1=0' at line 1
	at sun.reflect.NativeConstructorAccessorImpl.newInstance0(Native Method)
	at sun.reflect.NativeConstructorAccessorImpl.newInstance(NativeConstructorAccessorImpl.java:62)
	at sun.reflect.DelegatingConstructorAccessorImpl.newInstance(DelegatingConstructorAccessorImpl.java:45)
	at java.lang.reflect.Constructor.newInstance(Constructor.java:423)
	at com.mysql.jdbc.Util.handleNewInstance(Util.java:377)
	at com.mysql.jdbc.Util.getInstance(Util.java:360)
	at com.mysql.jdbc.SQLError.createSQLException(SQLError.java:978)
	at com.mysql.jdbc.MysqlIO.checkErrorPacket(MysqlIO.java:3887)
	at com.mysql.jdbc.MysqlIO.checkErrorPacket(MysqlIO.java:3823)
	at com.mysql.jdbc.MysqlIO.sendCommand(MysqlIO.java:2435)
	at com.mysql.jdbc.MysqlIO.sqlQueryDirect(MysqlIO.java:2582)
	at com.mysql.jdbc.ConnectionImpl.execSQL(ConnectionImpl.java:2530)
	at com.mysql.jdbc.PreparedStatement.executeInternal(PreparedStatement.java:1907)
	at com.mysql.jdbc.PreparedStatement.executeQuery(PreparedStatement.java:2030)
	at org.apache.spark.sql.execution.datasources.jdbc.JDBCRDD$.resolveTable(JDBCRDD.scala:124)
	at org.apache.spark.sql.execution.datasources.jdbc.JDBCRelation.&lt;init&gt;(JDBCRelation.scala:91)
	at org.apache.spark.sql.execution.datasources.jdbc.DefaultSource.createRelation(DefaultSource.scala:57)
	at org.apache.spark.sql.execution.datasources.ResolvedDataSource$.apply(ResolvedDataSource.scala:158)
	at org.apache.spark.sql.DataFrameReader.load(DataFrameReader.scala:119)
	at edu.indiana.soic.cs.services.MySQLConnectionServiceImpl.readDF(MySQLConnectionServiceImpl.scala:44)
	at edu.indiana.soic.cs.EntryPoint$delayedInit$body.apply(EntryPoint.scala:66)
	at scala.Function0$class.apply$mcV$sp(Function0.scala:40)
	at scala.runtime.AbstractFunction0.apply$mcV$sp(AbstractFunction0.scala:12)
	at scala.App$$anonfun$main$1.apply(App.scala:71)
	at scala.App$$anonfun$main$1.apply(App.scala:71)
	at scala.collection.immutable.List.foreach(List.scala:318)
	at scala.collection.generic.TraversableForwarder$class.foreach(TraversableForwarder.scala:32)
	at scala.App$class.main(App.scala:71)
	at edu.indiana.soic.cs.EntryPoint$.main(EntryPoint.scala:9)
	at edu.indiana.soic.cs.EntryPointTest$$anonfun$4.apply(EntryPointTest.scala:55)
	at edu.indiana.soic.cs.EntryPointTest$$anonfun$4.apply(EntryPointTest.scala:52)
	at org.scalatest.Transformer$$anonfun$apply$1.apply$mcV$sp(Transformer.scala:22)
	at org.scalatest.OutcomeOf$class.outcomeOf(OutcomeOf.scala:85)
	at org.scalatest.OutcomeOf$.outcomeOf(OutcomeOf.scala:104)
	at org.scalatest.Transformer.apply(Transformer.scala:22)
	at org.scalatest.Transformer.apply(Transformer.scala:20)
	at org.scalatest.FunSuiteLike$$anon$1.apply(FunSuiteLike.scala:187)
	at org.scalatest.Suite$class.withFixture(Suite.scala:1031)
	at org.scalatest.FunSuite.withFixture(FunSuite.scala:1562)
	at org.scalatest.FunSuiteLike$class.invokeWithFixture$1(FunSuiteLike.scala:184)
	at org.scalatest.FunSuiteLike$$anonfun$runTest$1.apply(FunSuiteLike.scala:196)
	at org.scalatest.FunSuiteLike$$anonfun$runTest$1.apply(FunSuiteLike.scala:196)
	at org.scalatest.SuperEngine.runTestImpl(Engine.scala:287)
	at org.scalatest.FunSuiteLike$class.runTest(FunSuiteLike.scala:196)
	at org.scalatest.FunSuite.runTest(FunSuite.scala:1562)
	at org.scalatest.FunSuiteLike$$anonfun$runTests$1.apply(FunSuiteLike.scala:229)
	at org.scalatest.FunSuiteLike$$anonfun$runTests$1.apply(FunSuiteLike.scala:229)
	at org.scalatest.SuperEngine$$anonfun$traverseSubNodes$1$1.apply(Engine.scala:394)
	at org.scalatest.SuperEngine$$anonfun$traverseSubNodes$1$1.apply(Engine.scala:382)
	at scala.collection.immutable.List.foreach(List.scala:318)
	at org.scalatest.SuperEngine.traverseSubNodes$1(Engine.scala:382)
	at org.scalatest.SuperEngine.org$scalatest$SuperEngine$$runTestsInBranch(Engine.scala:377)
	at org.scalatest.SuperEngine.runTestsImpl(Engine.scala:459)
	at org.scalatest.FunSuiteLike$class.runTests(FunSuiteLike.scala:229)
	at org.scalatest.FunSuite.runTests(FunSuite.scala:1562)
	at org.scalatest.Suite$class.run(Suite.scala:1320)
	at org.scalatest.FunSuite.org$scalatest$FunSuiteLike$$super$run(FunSuite.scala:1562)
	at org.scalatest.FunSuiteLike$$anonfun$run$1.apply(FunSuiteLike.scala:233)
	at org.scalatest.FunSuiteLike$$anonfun$run$1.apply(FunSuiteLike.scala:233)
	at org.scalatest.SuperEngine.runImpl(Engine.scala:519)
	at org.scalatest.FunSuiteLike$class.run(FunSuiteLike.scala:233)
	at org.scalatest.FunSuite.run(FunSuite.scala:1562)
	at org.scalatest.junit.JUnitRunner.run(JUnitRunner.scala:99)
	at org.gradle.api.internal.tasks.testing.junit.JUnitTestClassExecuter.runTestClass(JUnitTestClassExecuter.java:114)
	at org.gradle.api.internal.tasks.testing.junit.JUnitTestClassExecuter.execute(JUnitTestClassExecuter.java:57)
	at org.gradle.api.internal.tasks.testing.junit.JUnitTestClassProcessor.processTestClass(JUnitTestClassProcessor.java:66)
	at org.gradle.api.internal.tasks.testing.SuiteTestClassProcessor.processTestClass(SuiteTestClassProcessor.java:51)
	at sun.reflect.NativeMethodAccessorImpl.invoke0(Native Method)
	at sun.reflect.NativeMethodAccessorImpl.invoke(NativeMethodAccessorImpl.java:62)
	at sun.reflect.DelegatingMethodAccessorImpl.invoke(DelegatingMethodAccessorImpl.java:43)
	at java.lang.reflect.Method.invoke(Method.java:498)
	at org.gradle.internal.dispatch.ReflectionDispatch.dispatch(ReflectionDispatch.java:35)
	at org.gradle.internal.dispatch.ReflectionDispatch.dispatch(ReflectionDispatch.java:24)
	at org.gradle.internal.dispatch.ContextClassLoaderDispatch.dispatch(ContextClassLoaderDispatch.java:32)
	at org.gradle.internal.dispatch.ProxyDispatchAdapter$DispatchingInvocationHandler.invoke(ProxyDispatchAdapter.java:93)
	at com.sun.proxy.$Proxy2.processTestClass(Unknown Source)
	at org.gradle.api.internal.tasks.testing.worker.TestWorker.processTestClass(TestWorker.java:109)
	at sun.reflect.NativeMethodAccessorImpl.invoke0(Native Method)
	at sun.reflect.NativeMethodAccessorImpl.invoke(NativeMethodAccessorImpl.java:62)
	at sun.reflect.DelegatingMethodAccessorImpl.invoke(DelegatingMethodAccessorImpl.java:43)
	at java.lang.reflect.Method.invoke(Method.java:498)
	at org.gradle.internal.dispatch.ReflectionDispatch.dispatch(ReflectionDispatch.java:35)
	at org.gradle.internal.dispatch.ReflectionDispatch.dispatch(ReflectionDispatch.java:24)
	at org.gradle.internal.remote.internal.hub.MessageHub$Handler.run(MessageHub.java:377)
	at org.gradle.internal.concurrent.ExecutorPolicy$CatchAndRecordFailures.onExecute(ExecutorPolicy.java:54)
	at org.gradle.internal.concurrent.StoppableExecutorImpl$1.run(StoppableExecutorImpl.java:40)
	at java.util.concurrent.ThreadPoolExecutor.runWorker(ThreadPoolExecutor.java:1142)
	at java.util.concurrent.ThreadPoolExecutor$Worker.run(ThreadPoolExecutor.java:617)
	at java.lang.Thread.run(Thread.java:745)
</pre>
</span>
</div>
</div>
<div id="footer">
<p>
<div>
<label class="hidden" id="label-for-line-wrapping-toggle" for="line-wrapping-toggle">Wrap lines
<input id="line-wrapping-toggle" type="checkbox" autocomplete="off"/>
</label>
</div>Generated by 
<a href="http://www.gradle.org">Gradle 2.14.1</a> at Aug 23, 2016 2:04:35 AM</p>
</div>
</div>
</body>
</html>
